e9ed01f was farhanlion, 27 hours ago, message: Merge pull request #92 from farhanlion/final
9f33a87 was farhan ahsan, 27 hours ago, message: final style changes
24dcab5 was farhanlion, 28 hours ago, message: Merge pull request #91 from farhanlion/design2
6840d81 was farhan ahsan, 28 hours ago, message: mergerd
8d1fc42 was Julie, 29 hours ago, message: change size
83dd396 was farhanlion, 33 hours ago, message: Merge pull request #89 from farhanlion/finalbugs
569dd78 was farhan ahsan, 33 hours ago, message: mview bug
27e1974 was farhanlion, 34 hours ago, message: Merge pull request #88 from farhanlion/bugfix
3e6df3a was farhan ahsan, 34 hours ago, message: all bugs fixed
e88fed6 was farhan ahsan, 35 hours ago, message: production test
6f5b1d5 was farhan ahsan, 2 days ago, message: breaks on production
b718cc5 was farhanlion, 2 days ago, message: Merge pull request #87 from farhanlion/minorbug
f032108 was farhan ahsan, 2 days ago, message: debugger removed
3a02ad2 was farhanlion, 2 days ago, message: Merge pull request #86 from farhanlion/minorbug
f6f4675 was farhan ahsan, 2 days ago, message: scrolling one plays others bug fixed
49d4071 was farhan ahsan, 2 days ago, message: added tests
ebc382b was farhan ahsan, 2 days ago, message: login controllers removed
90a22a5 was Julie, 2 days ago, message: design
0f91d7a was Julie, 3 days ago, message: design
5252eda was Julie, 3 days ago, message: impove
bf23573 was farhanlion, 3 days ago, message: Merge pull request #84 from farhanlion/finetuning
0a43d8a was farhan ahsan, 3 days ago, message: more tools for edit page
38f293c was farhan ahsan, 3 days ago, message: Merge branch 'master' of github.com:farhanlion/multi-test
0c7b50e was farhan ahsan, 3 days ago, message: finetuning contols added
05bcfa7 was farhan ahsan, 3 days ago, message: mview page done
fe25f0d was farhan ahsan, 3 days ago, message: mview page done
d2d71c0 was farhan ahsan, 3 days ago, message: mute btns added
9d38617 was Julie, 3 days ago, message: controller design
b4ca5bc was farhan ahsan, 3 days ago, message: mview fixed
0ea8345 was Kim Wee, 3 days ago, message: Merge pull request #83 from farhanlion/Authentication
83ec96c was Sim_Kim_Wee, 3 days ago, message: Changes made:
59f21ce was farhanlion, 3 days ago, message: Update README.md
297cdd7 was farhanlion, 3 days ago, message: Update README.md
5e258b2 was farhanlion, 3 days ago, message: Merge pull request #82 from farhanlion/migration
62aa66a was farhan ahsan, 3 days ago, message: migration files created
693ebaf was farhanlion, 4 days ago, message: Merge pull request #81 from farhanlion/uploaderfix
9e0c2df was farhan ahsan, 4 days ago, message: navbar styles
c77a2dc was farhan ahsan, 4 days ago, message: merged with new designs
25040a0 was farhan ahsan, 4 days ago, message: homepage carrousel fixed
aa14d02 was farhan ahsan, 4 days ago, message: uploaders perfectified
6bb284d was farhan ahsan, 4 days ago, message: merged
3cb6b0a was farhan ahsan, 4 days ago, message: upload edit fixed
b0f72e5 was farhan ahsan, 4 days ago, message: new uploader fixed
3afa157 was farhan ahsan, 4 days ago, message: new uploader fixed
27641c3 was Mavis, 4 days ago, message: Merge pull request #80 from farhanlion/profile3
28ab4f8 was Mavis Heng Lee Xuan, 4 days ago, message: small update to design
baccaac was Mavis Heng Lee Xuan, 4 days ago, message: small design update
7da6e27 was farhan ahsan, 4 days ago, message: new upload bug fixed
dea73c2 was farhanlion, 4 days ago, message: Merge pull request #79 from farhanlion/hotfix
e42cbfe was farhan ahsan, 4 days ago, message: upload bugs fixed
d901e1b was farhan ahsan, 4 days ago, message: remove button fixed
02fdceb was farhanlion, 4 days ago, message: Merge pull request #78 from farhanlion/frontend
bd02752 was farhan ahsan, 4 days ago, message: functional uploader
dd1cf30 was farhan ahsan, 4 days ago, message: functional uploader
5bd4bd1 was farhanlion, 5 days ago, message: Merge pull request #77 from farhanlion/frontend
32140b3 was farhan ahsan, 5 days ago, message: navbar fix
ab25a8f was farhanlion, 5 days ago, message: Merge pull request #76 from farhanlion/frontend
164c045 was farhan ahsan, 5 days ago, message: all pages fixed
1cc8e18 was farhan ahsan, 5 days ago, message: mview broken
26c31bb was farhan ahsan, 5 days ago, message: mview broken
a2bb8dd was farhan ahsan, 5 days ago, message: search/profile page updated
92b146c was farhan ahsan, 5 days ago, message: upload/edit page complete
5acc74c was farhan ahsan, 5 days ago, message: design homepage and uplaodpage
091430c was farhanlion, 5 days ago, message: Merge pull request #75 from farhanlion/connectionfix
703811f was farhan ahsan, 5 days ago, message: working production
4b0611a was farhan ahsan, 5 days ago, message: merged
793b1e3 was farhan ahsan, 5 days ago, message: connection fixed
e67137e was farhan ahsan, 5 days ago, message: production broken
d4c7239 was farhan ahsan, 5 days ago, message: production db
054a8ce was farhan ahsan, 5 days ago, message: port updated
0afc826 was farhan ahsan, 5 days ago, message: port
9012943 was farhanlion, 5 days ago, message: Merge pull request #74 from farhanlion/sixviews
63f3d29 was farhan ahsan, 5 days ago, message: config edited
5a05e20 was farhanlion, 5 days ago, message: Merge pull request #73 from farhanlion/sixviews
e739ee4 was farhan ahsan, 5 days ago, message: edit page working
52466bd was farhan ahsan, 5 days ago, message: upload and edit page refactored
e9d3c6e was farhanlion, 6 days ago, message: Merge pull request #72 from farhanlion/sixviews
299c8bd was farhan ahsan, 6 days ago, message: six video upload feature
928b53c was farhan ahsan, 6 days ago, message: remove prevent default
02ffb66 was farhanlion, 6 days ago, message: Merge pull request #71 from farhanlion/editpage
9fe3c13 was farhan ahsan, 6 days ago, message: edit page working
bdc9659 was farhan ahsan, 6 days ago, message: delete match
fb97e80 was farhan ahsan, 6 days ago, message: editpage created
3be4efc was farhan ahsan, 6 days ago, message: console log removed
68456d2 was farhan ahsan, 6 days ago, message: console log removed
07fc7bc was farhan ahsan, 6 days ago, message: long match cards updated
f931a6c was farhan ahsan, 6 days ago, message: match cards updated
bfde865 was Kim Wee, 6 days ago, message: Merge pull request #70 from farhanlion/Authentication
3686ab6 was Sim_Kim_Wee, 6 days ago, message: Changes made:
7f426af was Kim Wee, 6 days ago, message: Merge pull request #69 from farhanlion/Authentication
4a9c7af was Sim_Kim_Wee, 6 days ago, message: Changes made:
051aa0a was Sim_Kim_Wee, 6 days ago, message: Changes made:
f1b9841 was farhanlion, 6 days ago, message: Merge pull request #68 from farhanlion/homepagefix
8ef6231 was farhan ahsan, 6 days ago, message: profile name
e348757 was farhan ahsan, 6 days ago, message: homepage broken
d8e6d81 was farhanlion, 6 days ago, message: Merge pull request #67 from farhanlion/homepagefix
df75223 was farhan ahsan, 6 days ago, message: uploader working
8aefe8c was farhan ahsan, 6 days ago, message: upload page fix
663e697 was farhanlion, 6 days ago, message: Merge pull request #66 from farhanlion/homepagefix
12d6025 was farhan ahsan, 6 days ago, message: upload page tweaked
450b51c was farhanlion, 7 days ago, message: Merge pull request #65 from farhanlion/homepagefix
223db95 was farhan ahsan, 7 days ago, message: working
9c2c209 was farhan ahsan, 7 days ago, message: broken
018a1a6 was farhan ahsan, 7 days ago, message: core features complete
ad506d7 was farhan ahsan, 7 days ago, message: homepage fixed
5fe9638 was farhan ahsan, 7 days ago, message: homepage fixed
8d3b09e was farhan ahsan, 7 days ago, message: homepage fixed with upload
da2b6a0 was farhan ahsan, 7 days ago, message: uploader working
acf61d0 was farhanlion, 7 days ago, message: Merge pull request #64 from farhanlion/upload2
745cf4a was farhan ahsan, 7 days ago, message: homepage carrousels from backend
3c7d9d9 was farhan ahsan, 7 days ago, message: Merge branch 'master' into upload2
8078360 was farhan ahsan, 7 days ago, message: search page & profile page fixed
345fad0 was Mavis, 7 days ago, message: Merge pull request #63 from farhanlion/homepage3
ce443c6 was Mavis Heng Lee Xuan, 7 days ago, message: carousel update
c9c98c0 was Mavis Heng Lee Xuan, 7 days ago, message: Merge branch 'master' into homepage3
219b29e was Mavis Heng Lee Xuan, 7 days ago, message: update carousel code
af8a109 was Mavis, 7 days ago, message: Merge pull request #62 from farhanlion/homepage3
4bc93f9 was Mavis Heng Lee Xuan, 7 days ago, message: update one part of the carousel
15ebb15 was farhanlion, 8 days ago, message: Merge pull request #61 from farhanlion/upload2
a9f2d50 was farhan ahsan, 8 days ago, message: uploader complete
f5dacd4 was farhanlion, 8 days ago, message: Merge pull request #60 from farhanlion/upload2
5a55f83 was farhan ahsan, 8 days ago, message: Merge branch 'master' into upload2
3bf8a06 was farhan ahsan, 8 days ago, message: uploader backend fully funcitonal
40a406f was Neri007, 8 days ago, message: Merge pull request #59 from farhanlion/dragAndDropFinal
e78c570 was Neri007, 8 days ago, message: added drag & drop function
a62f58f was farhanlion, 9 days ago, message: Merge pull request #58 from farhanlion/upload2
10b64e6 was farhan ahsan, 9 days ago, message: upload to backend
8fb47c2 was farhan ahsan, 9 days ago, message: upload save match to db
fccb3fe was farhan ahsan, 9 days ago, message: slider events
67c24ec was farhanlion, 9 days ago, message: Merge pull request #57 from farhanlion/upload2
9a3f80a was farhan ahsan, 9 days ago, message: working version with passport
33b642c was farhan ahsan, 9 days ago, message: merged
2ab49c9 was farhanlion, 9 days ago, message: Merge pull request #56 from farhanlion/upload2
2a64bb0 was farhan ahsan, 9 days ago, message: merged
fdd5c5a was farhan ahsan, 9 days ago, message: Merge branch 'master' of github.com:farhanlion/multi-test
a4fd2f7 was farhan ahsan, 9 days ago, message: search page fix
c7e6374 was Kim Wee, 10 days ago, message: Merge pull request #55 from farhanlion/Authentication
d46ef70 was Kim Wee, 10 days ago, message: Merge branch 'master' into Authentication
09a2be7 was Sim_Kim_Wee, 10 days ago, message: Session Token and Error Handling Completed
9e60fb5 was Mavis, 10 days ago, message: Merge pull request #54 from farhanlion/profile2
d1edc08 was Mavis Heng Lee Xuan, 10 days ago, message: Merge branch 'master' into profile2
624b23d was Mavis Heng Lee Xuan, 10 days ago, message: profile update2
aa5a553 was Kim Wee, 10 days ago, message: Merge pull request #53 from farhanlion/Authentication
3dc8b95 was Sim_Kim_Wee, 10 days ago, message: Login In System
1e98df7 was farhan ahsan, 10 days ago, message: Merge branch 'master' of github.com:farhanlion/multi-test
6762bf4 was farhan ahsan, 10 days ago, message: upload partial
618c119 was Mavis, 10 days ago, message: Merge pull request #52 from farhanlion/profile2
b2db6b0 was Mavis Heng Lee Xuan, 10 days ago, message: Merge branch 'master' into profile2
0604eb9 was Mavis Heng Lee Xuan, 10 days ago, message: update
772edf0 was Kim Wee, 10 days ago, message: Merge pull request #51 from farhanlion/hot-fix-login
fbbd440 was Sim_Kim_Wee, 10 days ago, message: Merge branch 'master' into hot-fix-login
020c72d was farhan ahsan, 10 days ago, message: upload partial
b14ce5e was farhan ahsan, 10 days ago, message: upload partial
af2b019 was farhan ahsan, 10 days ago, message: upload videos
8758b78 was farhan ahsan, 11 days ago, message: upload works
547d0fb was farhan ahsan, 11 days ago, message: upload working
7d91058 was farhan ahsan, 12 days ago, message: cloudinary part
86e1de6 was farhan ahsan, 2 weeks ago, message: uploader signature
755b03d was farhan ahsan, 2 weeks ago, message: upload incomplete
6cbd842 was farhan ahsan, 2 weeks ago, message: upload
e4c7f70 was farhan ahsan, 2 weeks ago, message: Merge branch 'upload2' of github.com:farhanlion/multi-test into upload2
168748b was farhan ahsan, 2 weeks ago, message: upload routes
88e96b1 was farhanlion, 2 weeks ago, message: Merge pull request #50 from farhanlion/fix
7bcb0ff was farhan ahsan, 2 weeks ago, message: login page fix
b140323 was Neri007, 2 weeks ago, message: Merge pull request #49 from farhanlion/dragDrop16aug
5706f58 was Neri007, 2 weeks ago, message: updated seeds
1631eb8 was Neri007, 3 weeks ago, message: Merge pull request #48 from farhanlion/mvplayback15aug
65c4643 was Neri007, 3 weeks ago, message: 1-5 video layouts
e45648a was Mavis, 3 weeks ago, message: Merge pull request #47 from farhanlion/homepage2
d655da1 was Mavis Heng Lee Xuan, 3 weeks ago, message: Merge branch 'master' into homepage2
7931682 was Mavis Heng Lee Xuan, 3 weeks ago, message: carousel update
1c14945 was Kim Wee, 3 weeks ago, message: Merge pull request #46 from farhanlion/Authentication
f3b6096 was Sim_Kim_Wee, 3 weeks ago, message: Merge branch 'master' into Authentication
5e4e582 was Sim_Kim_Wee, 3 weeks ago, message: Merge branch 'master' of https://github.com/farhanlion/multi-test
8d53c2e was Sim_Kim_Wee, 3 weeks ago, message: Merge branch 'Authentication'
85fd54e was Neri007, 3 weeks ago, message: Merge pull request #44 from farhanlion/mvplayback15aug
a2bb67c was Neri007, 3 weeks ago, message: Added fast-forward and fast-backward functions
6ebcdde was Sim_Kim_Wee, 3 weeks ago, message: Login with passport working
7a1212b was Mavis, 3 weeks ago, message: Merge pull request #43 from farhanlion/homepage2
bbe9aac was Mavis Heng Lee Xuan, 3 weeks ago, message: homepage update
0040700 was Mavis Heng Lee Xuan, 3 weeks ago, message: Merge branch 'master' into homepage2
beff578 was Mavis Heng Lee Xuan, 3 weeks ago, message: update
7d623d4 was farhanlion, 3 weeks ago, message: Merge pull request #42 from farhanlion/updateroutes
1cb4ddd was farhan ahsan, 3 weeks ago, message: search page working
e109bec was farhan ahsan, 3 weeks ago, message: credential error
4c862f7 was farhan ahsan, 3 weeks ago, message: Merge branch 'master' into updateroutes
e1ea990 was farhan ahsan, 3 weeks ago, message: search function
d36e5e3 was farhan ahsan, 3 weeks ago, message: search route
7dd865c was farhan ahsan, 3 weeks ago, message: pages controller added
2dbd7e5 was farhanlion, 3 weeks ago, message: Update README.md
a2eb2e7 was Everlandgo, 3 weeks ago, message: Merge pull request #41 from farhanlion/master
bf0b02a was Julie, 3 weeks ago, message: upload page
cbfdd1b was Neri007, 3 weeks ago, message: Merge pull request #38 from farhanlion/myplayback11aug
276fa6f was Neri007, 3 weeks ago, message: icon to user_icon in matches seed, fix matches model to include game_id
6e88823 was Mavis Heng Lee Xuan, 3 weeks ago, message: update
c287217 was Kim Wee, 3 weeks ago, message: Merge pull request #37 from farhanlion/Authentication
eabb9dc was Sim_Kim_Wee, 3 weeks ago, message: Merge branch 'master' into Authentication
a6bd184 was Sim_Kim_Wee, 3 weeks ago, message: Auth changes
ac92c8e was Neri007, 4 weeks ago, message: Merge pull request #36 from farhanlion/myplayback11aug
3406ae5 was Neri007, 4 weeks ago, message: change icon back to user_icon
460fca7 was farhanlion, 4 weeks ago, message: Merge pull request #35 from farhanlion/updateroutes
fa48188 was farhan ahsan, 4 weeks ago, message: db connected to homepage
8a60d73 was farhanlion, 4 weeks ago, message: Update README.md
af3cf8b was farhan ahsan, 4 weeks ago, message: merged users table
9e8b930 was farhan ahsan, 4 weeks ago, message: check
ce78902 was Neri007, 4 weeks ago, message: Merge pull request #34 from farhanlion/mvplayback4
d972bae was Neri007, 4 weeks ago, message: added resync function, updated match name
d9adc78 was Neri007, 5 weeks ago, message: Merge pull request #33 from farhanlion/mvplayback4
e3a16d9 was Neri007, 5 weeks ago, message: more mview updates
adb400a was Neri007, 5 weeks ago, message: update post route
e119ace was Neri007, 5 weeks ago, message: update display
7e36ec4 was Mavis, 5 weeks ago, message: Merge pull request #32 from farhanlion/homepage
f4ddf30 was Mavis Heng Lee Xuan, 5 weeks ago, message: Merge branch 'master' into homepage
6f93ed9 was Mavis Heng Lee Xuan, 5 weeks ago, message: update
d5cb089 was Mavis Heng Lee Xuan, 5 weeks ago, message: Update index.html
02340c6 was Mavis, 5 weeks ago, message: Merge pull request #31 from farhanlion/homepage
d692a5c was Mavis Heng Lee Xuan, 5 weeks ago, message: Merge branch 'master' into homepage
1417027 was Mavis Heng Lee Xuan, 5 weeks ago, message: homepage update
98c02f0 was Neri007, 5 weeks ago, message: Merge pull request #30 from farhanlion/mvplayback4
7e106a2 was Neri007, 5 weeks ago, message: update mute/unmute function
0353ab1 was Neri007, 5 weeks ago, message: Merge pull request #29 from farhanlion/mvplayback4
1d340b7 was Neri007, 5 weeks ago, message: Merge branch 'master' of https://github.com/farhanlion/multi-test
e876d95 was Neri007, 5 weeks ago, message: Merge pull request #28 from farhanlion/mvplayback3
eb5575f was Neri007, 5 weeks ago, message: overlay logo on videos
dd02ef1 was Neri007, 5 weeks ago, message: Merge branch 'master' of https://github.com/farhanlion/multi-test
4549322 was Neri007, 5 weeks ago, message: add seeds
e6b0542 was Neri007, 5 weeks ago, message: overlay multi logo on videos
b9f0744 was Kim Wee, 5 weeks ago, message: Merge pull request #27 from farhanlion/Authentication
a481de4 was Sim_Kim_Wee, 5 weeks ago, message: Merge branch 'master' of https://github.com/farhanlion/multi-test
43502d9 was Neri007, 5 weeks ago, message: Merge pull request #26 from farhanlion/mvplayback3
4c0043b was Neri007, 5 weeks ago, message: updated links in video table
ab297bb was Neri007, 5 weeks ago, message: Merge pull request #25 from farhanlion/mvplayback3
e4f13ba was Neri007, 5 weeks ago, message: seeded tables to test
a0cb7e7 was Everlandgo, 5 weeks ago, message: Merge pull request #24 from farhanlion/master
3f6d603 was Sim_Kim_Wee, 5 weeks ago, message: Merge remote-tracking branch 'origin/master'
8b5a6fe was Sim_Kim_Wee, 5 weeks ago, message: Updates for 1.1.0 (MAJOR)
9f708f0 was Mavis, 5 weeks ago, message: Merge pull request #23 from farhanlion/homepage
af761fa was Mavis Heng Lee Xuan, 5 weeks ago, message: navbar link update
2889833 was Julie, 6 weeks ago, message: upload page
8706595 was Neri007, 6 weeks ago, message: Merge pull request #21 from farhanlion/mvplayback3
f1cb09a was Neri007, 6 weeks ago, message: change to sequelize access; added users model; added public_id to videos.js
15a9f77 was Mavis, 6 weeks ago, message: Merge pull request #20 from farhanlion/homepage
5867a04 was Mavis Heng Lee Xuan, 6 weeks ago, message: Homepage update
6e98ff7 was Neri007, 6 weeks ago, message: Merge pull request #19 from farhanlion/mvplayback
c96cad6 was Neri007, 6 weeks ago, message: play/pause function
ffb1779 was Neri007, 6 weeks ago, message: verified database_development creation
e502aeb was Neri007, 7 weeks ago, message: Merge pull request #18 from farhanlion/mvplayback
3b64ecc was Neri007, 7 weeks ago, message: to make sure everyone in the team can run with theri own port and database
6d43eab was Neri007, 7 weeks ago, message: Merge pull request #17 from farhanlion/mvplayback
46d34f0 was Neri007, 7 weeks ago, message: prevent breaking of current code due to master update
73a737d was Neri007, 7 weeks ago, message: Merge pull request #16 from farhanlion/multiview
420bcc4 was Neri007, 7 weeks ago, message: added icon
6dc1110 was farhanlion, 7 weeks ago, message: Merge pull request #15 from farhanlion/frontend
63caadb was farhan ahsan, 7 weeks ago, message: type
62157c0 was farhanlion, 7 weeks ago, message: Update README.md
1febb38 was farhanlion, 7 weeks ago, message: Merge pull request #14 from farhanlion/frontend
9cbec06 was farhan ahsan, 7 weeks ago, message: added sass
877459a was farhan ahsan, 7 weeks ago, message: added sass
8aee5cc was farhanlion, 7 weeks ago, message: Update README.md
0546b09 was farhanlion, 7 weeks ago, message: Merge pull request #13 from farhanlion/database
54001b0 was farhan ahsan, 7 weeks ago, message: associations done
827397f was farhanlion, 7 weeks ago, message: Update README.md
48aba15 was farhanlion, 7 weeks ago, message: Merge pull request #11 from farhanlion/database
33b7d2d was farhan ahsan, 7 weeks ago, message: front end cleaned
7e7f644 was farhan ahsan, 7 weeks ago, message: Merge branch 'frontend' into database frontendstuff
14d6d73 was farhan ahsan, 7 weeks ago, message: sorted view folders
fbe2b1e was farhan ahsan, 7 weeks ago, message: Merge branch 'master' into database updating with backend
6d6b5df was farhan ahsan, 7 weeks ago, message: added database
9110d54 was farhan ahsan, 7 weeks ago, message: routing
fa12ff7 was Mavis, 7 weeks ago, message: Merge pull request #10 from farhanlion/login
9e3d8ef was Mavis Heng Lee Xuan, 7 weeks ago, message: Basic Profile Page HTML only
daa61ad was farhan ahsan, 7 weeks ago, message: database created
0428a1b was farhan ahsan, 7 weeks ago, message: sequelize works
13ce601 was farhan ahsan, 7 weeks ago, message: db connection made
3300d7b was Mavis, 7 weeks ago, message: Merge pull request #9 from farhanlion/profile
60519ea was Mavis Heng Lee Xuan, 7 weeks ago, message: Profile page basic template without SQL
699e936 was Neri007, 7 weeks ago, message: Merge pull request #8 from farhanlion/multiview
5bdcc54 was Neri007, 7 weeks ago, message: Instantiate 5 video players.
837edcb was Neri007, 7 weeks ago, message: formatted 5-video configuration.  Instantiated video players.
26dc286 was Mavis, 7 weeks ago, message: Merge pull request #7 from farhanlion/profile
ee1565c was Mavis Heng Lee Xuan, 7 weeks ago, message: nav bar in progress
f7fc9fa was Mavis, 7 weeks ago, message: Merge pull request #6 from farhanlion/profile
9e6448a was Mavis Heng Lee Xuan, 7 weeks ago, message: Update logo and testing bootstrap
eeba1e6 was Neri007, 8 weeks ago, message: updated mview_display.js for sql query & passing variables to client-side.  Updated header
0da8ad0 was Neri007, 8 weeks ago, message: swap mute and unmute svg
6496828 was Neri007, 8 weeks ago, message: Merge pull request #5 from farhanlion/multiview
9bf7113 was Neri007, 8 weeks ago, message: swap mute and unmute svg
c6a95df was Neri007, 8 weeks ago, message: Merge pull request #4 from farhanlion/multiview
439113a was Neri007, 8 weeks ago, message: changed MULTI
93d6540 was Mavis, 8 weeks ago, message: Merge pull request #3 from farhanlion/profile
1ab6b34 was Mavis Heng Lee Xuan, 8 weeks ago, message: Merge branch 'master' into profile
411ae53 was farhanlion, 8 weeks ago, message: Merge pull request #2 from farhanlion/nav-bar
9dea3d0 was farhanlion, 8 weeks ago, message: Merge branch 'master' into nav-bar
439a076 was Mavis Heng Lee Xuan, 8 weeks ago, message: Merge branch 'master' into profile
4ad0496 was farhan ahsan, 8 weeks ago, message: hello
46cff24 was Julie, 8 weeks ago, message: Update index.html
dc3cf5e was farhan ahsan, 8 weeks ago, message: Merge branch 'master' of github.com:farhanlion/multi-test
493df2a was Mavis Heng Lee Xuan, 8 weeks ago, message: Update profile.html
626a0f3 was farhanlion, 8 weeks ago, message: Merge pull request #1 from farhanlion/nav-bar
4f452ee was farhanlion, 8 weeks ago, message: update index.html
1b51a0a was farhan ahsan, 8 weeks ago, message: Merge branch 'master' of github.com:farhanlion/multi-test
3ec94a4 was farhan ahsan, 8 weeks ago, message: merging
8cea6a4 was Neri007, 8 weeks ago, message: correct typo in mview_display.ejs
286ad60 was Neri007, 8 weeks ago, message: added backward & forward button without functions
5aa4afe was Neri007, 8 weeks ago, message: updating mview_display with placeholders & some playback buttons
3046d24 was Neri007, 8 weeks ago, message: include header & footer for multiview display
4f16ff7 was Neri007, 8 weeks ago, message: Merge branch 'master' of https://github.com/farhanlion/multi-test
3e32747 was Neri007, 8 weeks ago, message: updated route to render mview_display
e1bf18c was Mavis Heng Lee Xuan, 8 weeks ago, message: Message("commit")
db15706 was Neri007, 8 weeks ago, message: added mview_display.ejs/js
4ff775c was Neri007, 8 weeks ago, message: install videoplayer in npm modules
225aa8e was Neri007, 8 weeks ago, message: upload assets for mview display and created header and footer
dc0f7ac was Sim_Kim_Wee, 3 months ago, message: Updates for 1.0.1
8124e94 was farhanlion, 3 months ago, message: Update README.md
6fc49ce was farhanlion, 3 months ago, message: Create README.md
24b97e3 was farhan ahsan, 3 months ago, message: asd
8dce797 was farhan ahsan, 3 months ago, message: asd